<?xml version="1.0" encoding="UTF-8"?>
<!-- Generated by org.testng.reporters.JUnitXMLReporter -->
<testsuite ignored="1" hostname="DESKTOP-2AJ6681" failures="0" tests="5" name="Car loan" time="0.374" errors="0" timestamp="2025-09-20T19:46:47 IST">
  <testcase classname="test.test3" name="MobileLogincarLoan" time="0.036"/>
  <testcase classname="test.test3" name="MobilesigncarLoan" time="0.018"/>
  <testcase classname="test.test3" name="MobilesigncarLoan" time="0.009"/>
  <testcase classname="test.test3" name="MobilesigncarLoan" time="0.01"/>
  <testcase classname="test.test3" name="WebloginHomeLoan" time="0.004"/>
  <testcase classname="test.test3" name="APIcarLoan" time="0.0">
    <ignored/>
  </testcase> <!-- APIcarLoan -->
</testsuite> <!-- Car loan -->
