<?xml version="1.0" encoding="UTF-8"?>
<!-- Generated by org.testng.reporters.JUnitXMLReporter -->
<testsuite ignored="6" hostname="DESKTOP-2AJ6681" failures="0" tests="3" name="Regression" time="0.167" errors="0" timestamp="2025-09-16T18:22:22 IST">
  <testcase classname="test.test2" name="plan" time="0.027"/>
  <testcase classname="test.test4" name="MobileLogincarLoan" time="0.003"/>
  <testcase classname="test.test3" name="MobileLogincarLoan" time="0.005"/>
  <testcase classname="test.test3" name="WebloginHomeLoan" time="0.0">
    <ignored/>
  </testcase> <!-- WebloginHomeLoan -->
  <testcase classname="test.test3" name="LoginAPIcarLoan" time="0.0">
    <ignored/>
  </testcase> <!-- LoginAPIcarLoan -->
  <testcase classname="test.test1class" name="demo" time="0.0">
    <ignored/>
  </testcase> <!-- demo -->
  <testcase classname="test.test4" name="LoginAPIcarLoan" time="0.0">
    <ignored/>
  </testcase> <!-- LoginAPIcarLoan -->
  <testcase classname="test.test1class" name="secondTest" time="0.0">
    <ignored/>
  </testcase> <!-- secondTest -->
  <testcase classname="test.test3" name="MobilesigncarLoan" time="0.0">
    <ignored/>
  </testcase> <!-- MobilesigncarLoan -->
</testsuite> <!-- Regression -->
