<?xml version="1.0" encoding="UTF-8"?>
<testng-results ignored="0" total="0" passed="0" failed="0" skipped="0">
  <reporter-output>
  </reporter-output>
  <suite started-at="2025-09-20T19:47:12 IST" name="Loan Departmenet" finished-at="2025-09-20T19:47:12 IST" duration-ms="24">
    <groups>
    </groups>
    <test started-at="2025-09-20T19:47:12 IST" name="Personal loan" finished-at="2025-09-20T19:47:12 IST" duration-ms="24">
    </test> <!-- Personal loan -->
  </suite> <!-- Loan Departmenet -->
</testng-results>
