<?xml version="1.0" encoding="UTF-8"?>
<!-- Generated by org.testng.reporters.JUnitReportReporter -->
<testsuite hostname="DESKTOP-2AJ6681" failures="0" tests="3" name="test.test4" time="0.028" errors="0" timestamp="2025-09-20T19:46:48 IST" skipped="0">
  <testcase classname="test.test4" name="WebloginHomeLoan" time="0.009"/>
  <testcase classname="test.test4" name="MobileLogincarLoan" time="0.006"/>
  <testcase classname="test.test4" name="LoginAPIcarLoan" time="0.013"/>
</testsuite> <!-- test.test4 -->
