<?xml version="1.0" encoding="UTF-8"?>
<!-- Generated by org.testng.reporters.JUnitReportReporter -->
<testsuite hostname="DESKTOP-2AJ6681" failures="0" tests="5" name="test.test3" time="0.136" errors="0" timestamp="2025-09-20T19:46:48 IST" skipped="0">
  <testcase classname="test.test3" name="MobilesigncarLoan" time="0.012"/>
  <testcase classname="test.test3" name="MobilesigncarLoan" time="0.053"/>
  <testcase classname="test.test3" name="MobileLogincarLoan" time="0.041"/>
  <testcase classname="test.test3" name="WebloginHomeLoan" time="0.005"/>
  <testcase classname="test.test3" name="MobilesigncarLoan" time="0.025"/>
</testsuite> <!-- test.test3 -->
